<?xml version="1.0" encoding="UTF-8"?>
<testng-results ignored="0" total="1" passed="1" failed="0" skipped="0">
  <reporter-output>
  </reporter-output>
  <suite started-at="2025-08-20T09:10:27 IST" name="Default suite" finished-at="2025-08-20T09:10:54 IST" duration-ms="27266">
    <groups>
    </groups>
    <test started-at="2025-08-20T09:10:27 IST" name="Default test" finished-at="2025-08-20T09:10:54 IST" duration-ms="27266">
      <class name="test_ng.testngex1">
        <test-method is-config="true" signature="setUp()[pri:0, instance:test_ng.testngex1@3857f613]" started-at="2025-08-20T09:10:27 IST" name="setUp" finished-at="2025-08-20T09:10:34 IST" duration-ms="6892" status="PASS">
          <reporter-output>
          </reporter-output>
        </test-method> <!-- setUp -->
        <test-method signature="verifyTitleAndLogin()[pri:0, instance:test_ng.testngex1@3857f613]" started-at="2025-08-20T09:10:34 IST" name="verifyTitleAndLogin" finished-at="2025-08-20T09:10:50 IST" duration-ms="16533" status="PASS">
          <reporter-output>
          </reporter-output>
        </test-method> <!-- verifyTitleAndLogin -->
        <test-method is-config="true" signature="tearDown()[pri:0, instance:test_ng.testngex1@3857f613]" started-at="2025-08-20T09:10:50 IST" name="tearDown" finished-at="2025-08-20T09:10:54 IST" duration-ms="3774" status="PASS">
          <reporter-output>
          </reporter-output>
        </test-method> <!-- tearDown -->
      </class> <!-- test_ng.testngex1 -->
    </test> <!-- Default test -->
  </suite> <!-- Default suite -->
</testng-results>
